/Users/vanessen1/Research/DeepLearning/tmp/lbann_doc.git/src/layers/lbann_layer_activations.cpp:251: warning: include file string.h not found, perhaps you forgot to add its directory to INCLUDE_PATH?
/Users/vanessen1/Research/DeepLearning/tmp/lbann_doc.git/src/data_readers/lbann_data_reader_imagenet.cpp:133: warning: no uniquely matching class member found for 
  bool lbann::DataReader_ImageNet::load(string imageDir, string imageListFile)
Possible candidates:
  bool lbann::DataReader_ImageNet::load(std::string imageDir, std::string imageListFile)' at line 57 of file /Users/vanessen1/Research/DeepLearning/tmp/lbann_doc.git/include/lbann/data_readers/lbann_data_reader_imagenet.hpp
  bool lbann::DataReader_ImageNet::load(std::string imageDir, std::string imageListFile, size_t max_sample_count, bool firstN=false)' at line 58 of file /Users/vanessen1/Research/DeepLearning/tmp/lbann_doc.git/include/lbann/data_readers/lbann_data_reader_imagenet.hpp
  bool lbann::DataReader_ImageNet::load(std::string imageDir, std::string imageListFile, double validation_percent, bool firstN=false)' at line 59 of file /Users/vanessen1/Research/DeepLearning/tmp/lbann_doc.git/include/lbann/data_readers/lbann_data_reader_imagenet.hpp

/Users/vanessen1/Research/DeepLearning/tmp/lbann_doc.git/src/data_readers/lbann_data_reader_imagenet.cpp:163: warning: no uniquely matching class member found for 
  bool lbann::DataReader_ImageNet::load(string imageDir, string imageListFile, size_t max_sample_count, bool firstN)
Possible candidates:
  bool lbann::DataReader_ImageNet::load(std::string imageDir, std::string imageListFile)' at line 57 of file /Users/vanessen1/Research/DeepLearning/tmp/lbann_doc.git/include/lbann/data_readers/lbann_data_reader_imagenet.hpp
  bool lbann::DataReader_ImageNet::load(std::string imageDir, std::string imageListFile, size_t max_sample_count, bool firstN=false)' at line 58 of file /Users/vanessen1/Research/DeepLearning/tmp/lbann_doc.git/include/lbann/data_readers/lbann_data_reader_imagenet.hpp
  bool lbann::DataReader_ImageNet::load(std::string imageDir, std::string imageListFile, double validation_percent, bool firstN=false)' at line 59 of file /Users/vanessen1/Research/DeepLearning/tmp/lbann_doc.git/include/lbann/data_readers/lbann_data_reader_imagenet.hpp

/Users/vanessen1/Research/DeepLearning/tmp/lbann_doc.git/src/data_readers/lbann_data_reader_imagenet.cpp:179: warning: no uniquely matching class member found for 
  bool lbann::DataReader_ImageNet::load(string imageDir, string imageListFile, double use_percentage, bool firstN)
Possible candidates:
  bool lbann::DataReader_ImageNet::load(std::string imageDir, std::string imageListFile)' at line 57 of file /Users/vanessen1/Research/DeepLearning/tmp/lbann_doc.git/include/lbann/data_readers/lbann_data_reader_imagenet.hpp
  bool lbann::DataReader_ImageNet::load(std::string imageDir, std::string imageListFile, size_t max_sample_count, bool firstN=false)' at line 58 of file /Users/vanessen1/Research/DeepLearning/tmp/lbann_doc.git/include/lbann/data_readers/lbann_data_reader_imagenet.hpp
  bool lbann::DataReader_ImageNet::load(std::string imageDir, std::string imageListFile, double validation_percent, bool firstN=false)' at line 59 of file /Users/vanessen1/Research/DeepLearning/tmp/lbann_doc.git/include/lbann/data_readers/lbann_data_reader_imagenet.hpp

/Users/vanessen1/Research/DeepLearning/tmp/lbann_doc.git/src/data_readers/lbann_data_reader_mnist.cpp:131: warning: no uniquely matching class member found for 
  bool lbann::DataReader_MNIST::load(string FileDir, string ImageFile, string LabelFile)
Possible candidates:
  bool lbann::DataReader_MNIST::load(std::string FileDir, std::string ImageFile, std::string LabelFile)' at line 50 of file /Users/vanessen1/Research/DeepLearning/tmp/lbann_doc.git/include/lbann/data_readers/lbann_data_reader_mnist.hpp
  bool lbann::DataReader_MNIST::load(std::string FileDir, std::string ImageFile, std::string LabelFile, size_t max_sample_count, bool firstN=false)' at line 51 of file /Users/vanessen1/Research/DeepLearning/tmp/lbann_doc.git/include/lbann/data_readers/lbann_data_reader_mnist.hpp
  bool lbann::DataReader_MNIST::load(std::string FileDir, std::string ImageFile, std::string LabelFile, double validation_percent, bool firstN=false)' at line 52 of file /Users/vanessen1/Research/DeepLearning/tmp/lbann_doc.git/include/lbann/data_readers/lbann_data_reader_mnist.hpp
  bool lbann::DataReader_MNIST::load(std::string FileDir, std::string ImageFile, std::string LabelFile, int *index_set)' at line 53 of file /Users/vanessen1/Research/DeepLearning/tmp/lbann_doc.git/include/lbann/data_readers/lbann_data_reader_mnist.hpp

/Users/vanessen1/Research/DeepLearning/tmp/lbann_doc.git/src/data_readers/lbann_data_reader_mnist.cpp:200: warning: no uniquely matching class member found for 
  bool lbann::DataReader_MNIST::load(string FileDir, string ImageFile, string LabelFile, size_t max_sample_count, bool firstN)
Possible candidates:
  bool lbann::DataReader_MNIST::load(std::string FileDir, std::string ImageFile, std::string LabelFile)' at line 50 of file /Users/vanessen1/Research/DeepLearning/tmp/lbann_doc.git/include/lbann/data_readers/lbann_data_reader_mnist.hpp
  bool lbann::DataReader_MNIST::load(std::string FileDir, std::string ImageFile, std::string LabelFile, size_t max_sample_count, bool firstN=false)' at line 51 of file /Users/vanessen1/Research/DeepLearning/tmp/lbann_doc.git/include/lbann/data_readers/lbann_data_reader_mnist.hpp
  bool lbann::DataReader_MNIST::load(std::string FileDir, std::string ImageFile, std::string LabelFile, double validation_percent, bool firstN=false)' at line 52 of file /Users/vanessen1/Research/DeepLearning/tmp/lbann_doc.git/include/lbann/data_readers/lbann_data_reader_mnist.hpp
  bool lbann::DataReader_MNIST::load(std::string FileDir, std::string ImageFile, std::string LabelFile, int *index_set)' at line 53 of file /Users/vanessen1/Research/DeepLearning/tmp/lbann_doc.git/include/lbann/data_readers/lbann_data_reader_mnist.hpp

/Users/vanessen1/Research/DeepLearning/tmp/lbann_doc.git/src/data_readers/lbann_data_reader_mnist.cpp:216: warning: no uniquely matching class member found for 
  bool lbann::DataReader_MNIST::load(string FileDir, string ImageFile, string LabelFile, double use_percentage, bool firstN)
Possible candidates:
  bool lbann::DataReader_MNIST::load(std::string FileDir, std::string ImageFile, std::string LabelFile)' at line 50 of file /Users/vanessen1/Research/DeepLearning/tmp/lbann_doc.git/include/lbann/data_readers/lbann_data_reader_mnist.hpp
  bool lbann::DataReader_MNIST::load(std::string FileDir, std::string ImageFile, std::string LabelFile, size_t max_sample_count, bool firstN=false)' at line 51 of file /Users/vanessen1/Research/DeepLearning/tmp/lbann_doc.git/include/lbann/data_readers/lbann_data_reader_mnist.hpp
  bool lbann::DataReader_MNIST::load(std::string FileDir, std::string ImageFile, std::string LabelFile, double validation_percent, bool firstN=false)' at line 52 of file /Users/vanessen1/Research/DeepLearning/tmp/lbann_doc.git/include/lbann/data_readers/lbann_data_reader_mnist.hpp
  bool lbann::DataReader_MNIST::load(std::string FileDir, std::string ImageFile, std::string LabelFile, int *index_set)' at line 53 of file /Users/vanessen1/Research/DeepLearning/tmp/lbann_doc.git/include/lbann/data_readers/lbann_data_reader_mnist.hpp

/Users/vanessen1/Research/DeepLearning/tmp/lbann_doc.git/include/lbann/optimizers/lbann_optimizer_adam.hpp:48: warning: The following parameters of lbann::Adam::Adam(lbann_comm *comm, float lr, float rho1=0.9f, float rho2=0.999f, float eps=1e-8f) are not documented:
  parameter 'comm'
/Users/vanessen1/Research/DeepLearning/tmp/lbann_doc.git/include/lbann/callbacks/lbann_callback_dump_activations.hpp:50: warning: The following parameters of lbann::lbann_callback_dump_activations::lbann_callback_dump_activations(std::string basename, int _batch_interval=1) are not documented:
  parameter '_batch_interval'
/Users/vanessen1/Research/DeepLearning/tmp/lbann_doc.git/include/lbann/callbacks/lbann_callback_dump_gradients.hpp:50: warning: The following parameters of lbann::lbann_callback_dump_gradients::lbann_callback_dump_gradients(std::string basename, int _batch_interval=1) are not documented:
  parameter '_batch_interval'
/Users/vanessen1/Research/DeepLearning/tmp/lbann_doc.git/include/lbann/callbacks/lbann_callback_dump_weights.hpp:48: warning: The following parameters of lbann::lbann_callback_dump_weights::lbann_callback_dump_weights(std::string basename, int _batch_interval=1) are not documented:
  parameter '_batch_interval'
/Users/vanessen1/Research/DeepLearning/tmp/lbann_doc.git/include/lbann/callbacks/lbann_callback_save_images.hpp:52: warning: argument 'data' of command @param is not found in the argument list of lbann::lbann_callback_save_images::lbann_callback_save_images(DataReader *reader, std::string image_dir, std::string extension="jpg")
/Users/vanessen1/Research/DeepLearning/tmp/lbann_doc.git/include/lbann/callbacks/lbann_callback_save_images.hpp:52: warning: argument 'image' of command @param is not found in the argument list of lbann::lbann_callback_save_images::lbann_callback_save_images(DataReader *reader, std::string image_dir, std::string extension="jpg")
/Users/vanessen1/Research/DeepLearning/tmp/lbann_doc.git/include/lbann/callbacks/lbann_callback_save_images.hpp:57: warning: The following parameters of lbann::lbann_callback_save_images::lbann_callback_save_images(DataReader *reader, std::string image_dir, std::string extension="jpg") are not documented:
  parameter 'reader'
  parameter 'extension'
/Users/vanessen1/Research/DeepLearning/tmp/lbann_doc.git/include/lbann/data_readers/lbann_image_preprocessor.hpp:163: warning: The following parameters of lbann::lbann_image_preprocessor::flip(cv::Mat &sqpixels, int flip_flag) are not documented:
  parameter 'sqpixels'
/Users/vanessen1/Research/DeepLearning/tmp/lbann_doc.git/include/lbann/utils/lbann_quantizer.hpp:240: warning: argument 'ainfo' of command @param is not found in the argument list of lbann::lbann_quantizer::col_reconstruction(const Mat &mat, const Mat &qerror, Int col, const adaptive_thresholds threshes, bool sample=true)
/Users/vanessen1/Research/DeepLearning/tmp/lbann_doc.git/include/lbann/utils/lbann_quantizer.hpp:248: warning: The following parameters of lbann::lbann_quantizer::col_reconstruction(const Mat &mat, const Mat &qerror, Int col, const adaptive_thresholds threshes, bool sample=true) are not documented:
  parameter 'threshes'
/Users/vanessen1/Research/DeepLearning/tmp/lbann_doc.git/include/lbann/models/lbann_model_stacked_autoencoder.hpp:68: warning: The following parameters of lbann::stacked_autoencoder::train(int num_epochs, int evaluation_frequency=0) are not documented:
  parameter 'evaluation_frequency'
This is pdfTeX, Version 3.14159265-2.6-1.40.16 (TeX Live 2015) (preloaded format=latex)
 restricted \write18 enabled.
entering extended mode
(./_formulas.tex
LaTeX2e <2015/01/01> patch level 1
Babel <3.9l> and hyphenation patterns for 79 languages loaded.
(/usr/local/texlive/2015/texmf-dist/tex/latex/base/article.cls
Document Class: article 2014/09/29 v1.4h Standard LaTeX document class
(/usr/local/texlive/2015/texmf-dist/tex/latex/base/size10.clo))
(/usr/local/texlive/2015/texmf-dist/tex/latex/graphics/epsfig.sty
(/usr/local/texlive/2015/texmf-dist/tex/latex/graphics/graphicx.sty
(/usr/local/texlive/2015/texmf-dist/tex/latex/graphics/keyval.sty)
(/usr/local/texlive/2015/texmf-dist/tex/latex/graphics/graphics.sty
(/usr/local/texlive/2015/texmf-dist/tex/latex/graphics/trig.sty)
(/usr/local/texlive/2015/texmf-dist/tex/latex/latexconfig/graphics.cfg)
(/usr/local/texlive/2015/texmf-dist/tex/latex/graphics/dvips.def))))
No file _formulas.aux.
[1] (./_formulas.aux) )
Output written on _formulas.dvi (1 page, 308 bytes).
Transcript written on _formulas.log.
